Arguments: 
  /home/vagrant/.nvm/versions/node/v6.10.3/bin/node /usr/share/yarn/bin/yarn.js add gulp

PATH: 
  /home/vagrant/.rvm/gems/ruby-2.4.1/bin:/home/vagrant/.rvm/gems/ruby-2.4.1@global/bin:/home/vagrant/.rvm/rubies/ruby-2.4.1/bin:/home/vagrant/bin:/home/vagrant/.local/bin:/home/vagrant/.nvm/versions/node/v6.10.3/bin:/usr/local/sbin:/usr/local/bin:/usr/sbin:/usr/bin:/sbin:/bin:/usr/games:/usr/local/games:/snap/bin:/home/vagrant/.rvm/bin:/home/vagrant/.rvm/bin

Yarn version: 
  0.24.5

Node version: 
  6.10.3

Platform: 
  linux x64

npm manifest: 
  {
    "name": "ac_timber",
    "version": "1.0.0",
    "description": "IGL",
    "main": "index.js",
    "repository": "https://github.com/ambercouch/ac_timber.git",
    "author": "Richie arnold",
    "license": "MIT"
  }

yarn manifest: 
  No manifest

Lockfile: 
  No lockfile

Trace: 
  Error: EPROTO: protocol error, symlink '../../../color-support/bin.js' -> '/var/www/iglooconstruction.local/public/wp-content/themes/ac_timber/node_modules/gulp-cli/node_modules/.bin/color-support'
      at Error (native)
